<?xml version="1.0" encoding="UTF-8"?>
<!-- Generated by org.testng.reporters.JUnitReportReporter -->
<testsuite hostname="Siddharthas-MacBook-Air.local" failures="0" tests="3" name="testCases.TC001_LoginPageTest" time="0.408" errors="0" timestamp="2025-04-12T12:50:55 IST" skipped="0">
  <testcase classname="testCases.TC001_LoginPageTest" name="enterUsername" time="0.130"/>
  <system-out/>
  <testcase classname="testCases.TC001_LoginPageTest" name="enterPassword" time="0.215"/>
  <system-out/>
  <testcase classname="testCases.TC001_LoginPageTest" name="clickOnLoginButton" time="0.063"/>
  <system-out/>
</testsuite> <!-- testCases.TC001_LoginPageTest -->
