<?xml version="1.0" encoding="UTF-8"?>
<!-- Generated by org.testng.reporters.JUnitReportReporter -->
<testsuite hostname="Siddharthas-MacBook-Air.local" failures="0" tests="1" name="testCases.TC002_ForgotPasswordTest" time="1.403" errors="0" timestamp="2025-03-13T16:18:27 IST" skipped="0">
  <testcase classname="testCases.TC002_ForgotPasswordTest" name="verify_forgot_password" time="1.403"/>
  <system-out/>
</testsuite> <!-- testCases.TC002_ForgotPasswordTest -->
