<?xml version="1.0" encoding="UTF-8"?>
<!-- Generated by org.testng.reporters.JUnitReportReporter -->
<testsuite hostname="Siddharthas-MacBook-Air.local" failures="0" tests="2" name="testCases.TC002_AdminPageTest" time="11.376" errors="0" timestamp="2025-04-12T12:50:55 IST" skipped="0">
  <testcase classname="testCases.TC002_AdminPageTest" name="clickOnAdminButton" time="1.358"/>
  <system-out/>
  <testcase classname="testCases.TC002_AdminPageTest" name="selectCheckBoxes" time="10.018"/>
  <system-out/>
</testsuite> <!-- testCases.TC002_AdminPageTest -->
