<?xml version="1.0" encoding="UTF-8"?>
<!-- Generated by org.testng.reporters.JUnitReportReporter -->
<testsuite hostname="Siddharthas-MacBook-Air.local" failures="0" tests="2" name="testCases.TC002_AdminPageTest" time="0.000" errors="0" timestamp="13 Apr 2025 05:46:59 GMT" skipped="2">
  <testcase classname="testCases.TC002_AdminPageTest" name="clickOnAdminButton" time="0.000">
    <skipped/>
  </testcase> <!-- clickOnAdminButton -->
  <testcase classname="testCases.TC002_AdminPageTest" name="selectCheckBoxes" time="0.000">
    <skipped/>
  </testcase> <!-- selectCheckBoxes -->
</testsuite> <!-- testCases.TC002_AdminPageTest -->
